<?xml version="1.0" encoding="UTF-8"?>
<!-- Generated by org.testng.reporters.JUnitXMLReporter -->
<testsuite hostname="USER-PC" ignored="2" name="Test" tests="2" failures="2" timestamp="2020-05-23T12:06:26 IST" time="13.667" errors="0">
  <testcase name="validatingLoginFunctionalityOfOpenCart" time="9.909" classname="webapp.OpenCartWebsiteAutomation.TestCases.SignInFunctionalityValidation">
    <failure type="java.lang.AssertionError" message="Incorrect, it is not navigated to the My Account page did not expect to find [true] but found [false]">
      <![CDATA[java.lang.AssertionError: Incorrect, it is not navigated to the My Account page did not expect to find [true] but found [false]
at webapp.OpenCartWebsiteAutomation.PageObjects.OpenCartSignInPage.fillingUpCredentialsForLogin(OpenCartSignInPage.java:29)
at webapp.OpenCartWebsiteAutomation.TestCases.SignInFunctionalityValidation.validatingLoginFunctionalityOfOpenCart(SignInFunctionalityValidation.java:24)
at java.util.ArrayList.forEach(ArrayList.java:1257)
... Removed 30 stack frames]]>
    </failure>
  </testcase> <!-- validatingLoginFunctionalityOfOpenCart -->
  <testcase name="validatingNewAccountRegistrationFunctionality" time="2.479" classname="webapp.OpenCartWebsiteAutomation.TestCases.AccountRegistrationFunctionalityValidation">
    <failure type="java.lang.AssertionError" message="Incorrect, it is not navigated to the Sign In page did not expect to find [true] but found [false]">
      <![CDATA[java.lang.AssertionError: Incorrect, it is not navigated to the Sign In page did not expect to find [true] but found [false]
at webapp.OpenCartWebsiteAutomation.PageObjects.OpenCartHomePage.clickingOnLogin(OpenCartHomePage.java:28)
at webapp.OpenCartWebsiteAutomation.TestCases.AccountRegistrationFunctionalityValidation.validatingNewAccountRegistrationFunctionality(AccountRegistrationFunctionalityValidation.java:23)
at java.util.ArrayList.forEach(ArrayList.java:1257)
... Removed 30 stack frames]]>
    </failure>
  </testcase> <!-- validatingNewAccountRegistrationFunctionality -->
  <testcase name="@BeforeSuite initializingDriver" time="0.0" classname="webapp.OpenCartWebAutomation.TestResources.BaseConfiguration">
    <ignored/>
  </testcase> <!-- @BeforeSuite initializingDriver -->
  <testcase name="@AfterSuite closingTheDriver" time="0.0" classname="webapp.OpenCartWebAutomation.TestResources.BaseConfiguration">
    <ignored/>
  </testcase> <!-- @AfterSuite closingTheDriver -->
</testsuite> <!-- Test -->
