<?xml version="1.0" encoding="UTF-8"?>
<testng-results skipped="0" failed="1" ignored="0" total="1" passed="0">
  <reporter-output>
  </reporter-output>
  <suite name="Default suite" duration-ms="27222" started-at="2020-05-28T15:34:57 IST" finished-at="2020-05-28T15:35:24 IST">
    <groups>
    </groups>
    <test name="Default test" duration-ms="27222" started-at="2020-05-28T15:34:57 IST" finished-at="2020-05-28T15:35:24 IST">
      <class name="webapp.OpenCartWebsiteAutomation.TestCases.AddingProductToCartFunctionalityValidation">
        <test-method status="PASS" signature="initializingDriver()[pri:0, instance:webapp.OpenCartWebsiteAutomation.TestCases.AddingProductToCartFunctionalityValidation@694e1548]" name="initializingDriver" is-config="true" duration-ms="10225" started-at="2020-05-28T15:34:47 IST" finished-at="2020-05-28T15:34:57 IST">
          <reporter-output>
          </reporter-output>
        </test-method> <!-- initializingDriver -->
        <test-method status="FAIL" signature="validatingAddProductToCartFunctionality()[pri:0, instance:webapp.OpenCartWebsiteAutomation.TestCases.AddingProductToCartFunctionalityValidation@694e1548]" name="validatingAddProductToCartFunctionality" duration-ms="22977" started-at="2020-05-28T15:34:57 IST" finished-at="2020-05-28T15:35:20 IST">
          <exception class="java.lang.AssertionError">
            <message>
              <![CDATA[The following asserts failed:
Product quantity is not correct in shopping cart did not expect to find [true] but found [false]]]>
            </message>
            <full-stacktrace>
              <![CDATA[java.lang.AssertionError: The following asserts failed:
Product quantity is not correct in shopping cart did not expect to find [true] but found [false]
at org.testng.asserts.SoftAssert.assertAll(SoftAssert.java:47)
at org.testng.asserts.SoftAssert.assertAll(SoftAssert.java:31)
at webapp.OpenCartWebsiteAutomation.PageObjects.OpenCartShoppingCartPage.validatingProductInShoppingCartPage(OpenCartShoppingCartPage.java:27)
at webapp.OpenCartWebsiteAutomation.TestCases.AddingProductToCartFunctionalityValidation.validatingAddProductToCartFunctionality(AddingProductToCartFunctionalityValidation.java:33)
at sun.reflect.NativeMethodAccessorImpl.invoke0(Native Method)
at sun.reflect.NativeMethodAccessorImpl.invoke(NativeMethodAccessorImpl.java:62)
at sun.reflect.DelegatingMethodAccessorImpl.invoke(DelegatingMethodAccessorImpl.java:43)
at java.lang.reflect.Method.invoke(Method.java:498)
at org.testng.internal.MethodInvocationHelper.invokeMethod(MethodInvocationHelper.java:133)
at org.testng.internal.TestInvoker.invokeMethod(TestInvoker.java:584)
at org.testng.internal.TestInvoker.invokeTestMethod(TestInvoker.java:172)
at org.testng.internal.MethodRunner.runInSequence(MethodRunner.java:46)
at org.testng.internal.TestInvoker$MethodInvocationAgent.invoke(TestInvoker.java:804)
at org.testng.internal.TestInvoker.invokeTestMethods(TestInvoker.java:145)
at org.testng.internal.TestMethodWorker.invokeTestMethods(TestMethodWorker.java:146)
at org.testng.internal.TestMethodWorker.run(TestMethodWorker.java:128)
at java.util.ArrayList.forEach(ArrayList.java:1257)
at org.testng.TestRunner.privateRun(TestRunner.java:770)
at org.testng.TestRunner.run(TestRunner.java:591)
at org.testng.SuiteRunner.runTest(SuiteRunner.java:402)
at org.testng.SuiteRunner.runSequentially(SuiteRunner.java:396)
at org.testng.SuiteRunner.privateRun(SuiteRunner.java:355)
at org.testng.SuiteRunner.run(SuiteRunner.java:304)
at org.testng.SuiteRunnerWorker.runSuite(SuiteRunnerWorker.java:53)
at org.testng.SuiteRunnerWorker.run(SuiteRunnerWorker.java:96)
at org.testng.TestNG.runSuitesSequentially(TestNG.java:1180)
at org.testng.TestNG.runSuitesLocally(TestNG.java:1102)
at org.testng.TestNG.runSuites(TestNG.java:1032)
at org.testng.TestNG.run(TestNG.java:1000)
at org.testng.remote.AbstractRemoteTestNG.run(AbstractRemoteTestNG.java:115)
at org.testng.remote.RemoteTestNG.initAndRun(RemoteTestNG.java:251)
at org.testng.remote.RemoteTestNG.main(RemoteTestNG.java:77)
]]>
            </full-stacktrace>
          </exception> <!-- java.lang.AssertionError -->
          <reporter-output>
          </reporter-output>
        </test-method> <!-- validatingAddProductToCartFunctionality -->
      </class> <!-- webapp.OpenCartWebsiteAutomation.TestCases.AddingProductToCartFunctionalityValidation -->
    </test> <!-- Default test -->
  </suite> <!-- Default suite -->
</testng-results>
